<?xml version="1.0" encoding="UTF-8"?>
<!-- Generated by org.testng.reporters.JUnitReportReporter -->
<testsuite hostname="Prasad" failures="0" tests="1" name="tests.BaseClass" time="0.018" errors="0" timestamp="2021-11-10T13:30:20 IST" skipped="0">
  <testcase classname="tests.BaseClass" name="sampleTest1" time="0.018"/>
  <system-out/>
</testsuite> <!-- tests.BaseClass -->
