<?xml version="1.0" encoding="UTF-8"?>
<!-- Generated by org.testng.reporters.JUnitReportReporter -->
<testsuite hostname="Prasad" failures="0" tests="3" name="tests.ChromeTest" time="94.073" errors="0" timestamp="2021-11-10T16:33:48 IST" skipped="0">
  <testcase classname="tests.ChromeTest" name="testOne" time="81.951"/>
  <system-out/>
  <testcase classname="tests.ChromeTest" name="sampleTest1" time="0.003"/>
  <system-out/>
  <testcase classname="tests.ChromeTest" name="orangeHRMLoginTest" time="12.119"/>
  <system-out/>
</testsuite> <!-- tests.ChromeTest -->
